ARM GAS  C:\Users\AUSTIN~1\AppData\Local\Temp\ccwNvBUs.s 			page 1


   1              		.cpu cortex-m4
   2              		.arch armv7e-m
   3              		.fpu fpv4-sp-d16
   4              		.eabi_attribute 27, 1
   5              		.eabi_attribute 28, 1
   6              		.eabi_attribute 20, 1
   7              		.eabi_attribute 21, 1
   8              		.eabi_attribute 23, 3
   9              		.eabi_attribute 24, 1
  10              		.eabi_attribute 25, 1
  11              		.eabi_attribute 26, 1
  12              		.eabi_attribute 30, 1
  13              		.eabi_attribute 34, 1
  14              		.eabi_attribute 18, 4
  15              		.file	"gpio.c"
  16              		.text
  17              	.Ltext0:
  18              		.cfi_sections	.debug_frame
  19              		.section	.text.MX_GPIO_Init,"ax",%progbits
  20              		.align	1
  21              		.global	MX_GPIO_Init
  22              		.syntax unified
  23              		.thumb
  24              		.thumb_func
  26              	MX_GPIO_Init:
  27              	.LFB132:
  28              		.file 1 "Core/Src/gpio.c"
   1:Core/Src/gpio.c **** /* USER CODE BEGIN Header */
   2:Core/Src/gpio.c **** /**
   3:Core/Src/gpio.c ****   ******************************************************************************
   4:Core/Src/gpio.c ****   * @file    gpio.c
   5:Core/Src/gpio.c ****   * @brief   This file provides code for the configuration
   6:Core/Src/gpio.c ****   *          of all used GPIO pins.
   7:Core/Src/gpio.c ****   ******************************************************************************
   8:Core/Src/gpio.c ****   * @attention
   9:Core/Src/gpio.c ****   *
  10:Core/Src/gpio.c ****   * Copyright (c) 2023 STMicroelectronics.
  11:Core/Src/gpio.c ****   * All rights reserved.
  12:Core/Src/gpio.c ****   *
  13:Core/Src/gpio.c ****   * This software is licensed under terms that can be found in the LICENSE file
  14:Core/Src/gpio.c ****   * in the root directory of this software component.
  15:Core/Src/gpio.c ****   * If no LICENSE file comes with this software, it is provided AS-IS.
  16:Core/Src/gpio.c ****   *
  17:Core/Src/gpio.c ****   ******************************************************************************
  18:Core/Src/gpio.c ****   */
  19:Core/Src/gpio.c **** /* USER CODE END Header */
  20:Core/Src/gpio.c **** 
  21:Core/Src/gpio.c **** /* Includes ------------------------------------------------------------------*/
  22:Core/Src/gpio.c **** #include "gpio.h"
  23:Core/Src/gpio.c **** #include "main.h"
  24:Core/Src/gpio.c **** 
  25:Core/Src/gpio.c **** /* USER CODE BEGIN 0 */
  26:Core/Src/gpio.c **** 
  27:Core/Src/gpio.c **** /* USER CODE END 0 */
  28:Core/Src/gpio.c **** 
  29:Core/Src/gpio.c **** /*----------------------------------------------------------------------------*/
  30:Core/Src/gpio.c **** /* Configure GPIO                                                             */
ARM GAS  C:\Users\AUSTIN~1\AppData\Local\Temp\ccwNvBUs.s 			page 2


  31:Core/Src/gpio.c **** /*----------------------------------------------------------------------------*/
  32:Core/Src/gpio.c **** /* USER CODE BEGIN 1 */
  33:Core/Src/gpio.c **** /* USER CODE END 1 */
  34:Core/Src/gpio.c **** 
  35:Core/Src/gpio.c **** /** Configure pins as
  36:Core/Src/gpio.c ****         * Analog
  37:Core/Src/gpio.c ****         * Input
  38:Core/Src/gpio.c ****         * Output
  39:Core/Src/gpio.c ****         * EVENT_OUT
  40:Core/Src/gpio.c ****         * EXTI
  41:Core/Src/gpio.c **** */
  42:Core/Src/gpio.c **** void MX_GPIO_Init(void)
  43:Core/Src/gpio.c **** {
  29              		.loc 1 43 1 view -0
  30              		.cfi_startproc
  31              		@ args = 0, pretend = 0, frame = 40
  32              		@ frame_needed = 0, uses_anonymous_args = 0
  33 0000 10B5     		push	{r4, lr}
  34              	.LCFI0:
  35              		.cfi_def_cfa_offset 8
  36              		.cfi_offset 4, -8
  37              		.cfi_offset 14, -4
  38 0002 8AB0     		sub	sp, sp, #40
  39              	.LCFI1:
  40              		.cfi_def_cfa_offset 48
  44:Core/Src/gpio.c **** 
  45:Core/Src/gpio.c ****   GPIO_InitTypeDef GPIO_InitStruct = {0};
  41              		.loc 1 45 3 view .LVU1
  42              		.loc 1 45 20 is_stmt 0 view .LVU2
  43 0004 0024     		movs	r4, #0
  44 0006 0594     		str	r4, [sp, #20]
  45 0008 0694     		str	r4, [sp, #24]
  46 000a 0794     		str	r4, [sp, #28]
  47 000c 0894     		str	r4, [sp, #32]
  48 000e 0994     		str	r4, [sp, #36]
  46:Core/Src/gpio.c **** 
  47:Core/Src/gpio.c ****   /* GPIO Ports Clock Enable */
  48:Core/Src/gpio.c ****   __HAL_RCC_GPIOC_CLK_ENABLE();
  49              		.loc 1 48 3 is_stmt 1 view .LVU3
  50              	.LBB2:
  51              		.loc 1 48 3 view .LVU4
  52              		.loc 1 48 3 view .LVU5
  53 0010 2C4B     		ldr	r3, .L3
  54 0012 DA6C     		ldr	r2, [r3, #76]
  55 0014 42F00402 		orr	r2, r2, #4
  56 0018 DA64     		str	r2, [r3, #76]
  57              		.loc 1 48 3 view .LVU6
  58 001a DA6C     		ldr	r2, [r3, #76]
  59 001c 02F00402 		and	r2, r2, #4
  60 0020 0092     		str	r2, [sp]
  61              		.loc 1 48 3 view .LVU7
  62 0022 009A     		ldr	r2, [sp]
  63              	.LBE2:
  64              		.loc 1 48 3 view .LVU8
  49:Core/Src/gpio.c ****   __HAL_RCC_GPIOH_CLK_ENABLE();
  65              		.loc 1 49 3 view .LVU9
  66              	.LBB3:
ARM GAS  C:\Users\AUSTIN~1\AppData\Local\Temp\ccwNvBUs.s 			page 3


  67              		.loc 1 49 3 view .LVU10
  68              		.loc 1 49 3 view .LVU11
  69 0024 DA6C     		ldr	r2, [r3, #76]
  70 0026 42F08002 		orr	r2, r2, #128
  71 002a DA64     		str	r2, [r3, #76]
  72              		.loc 1 49 3 view .LVU12
  73 002c DA6C     		ldr	r2, [r3, #76]
  74 002e 02F08002 		and	r2, r2, #128
  75 0032 0192     		str	r2, [sp, #4]
  76              		.loc 1 49 3 view .LVU13
  77 0034 019A     		ldr	r2, [sp, #4]
  78              	.LBE3:
  79              		.loc 1 49 3 view .LVU14
  50:Core/Src/gpio.c ****   __HAL_RCC_GPIOA_CLK_ENABLE();
  80              		.loc 1 50 3 view .LVU15
  81              	.LBB4:
  82              		.loc 1 50 3 view .LVU16
  83              		.loc 1 50 3 view .LVU17
  84 0036 DA6C     		ldr	r2, [r3, #76]
  85 0038 42F00102 		orr	r2, r2, #1
  86 003c DA64     		str	r2, [r3, #76]
  87              		.loc 1 50 3 view .LVU18
  88 003e DA6C     		ldr	r2, [r3, #76]
  89 0040 02F00102 		and	r2, r2, #1
  90 0044 0292     		str	r2, [sp, #8]
  91              		.loc 1 50 3 view .LVU19
  92 0046 029A     		ldr	r2, [sp, #8]
  93              	.LBE4:
  94              		.loc 1 50 3 view .LVU20
  51:Core/Src/gpio.c ****   __HAL_RCC_GPIOB_CLK_ENABLE();
  95              		.loc 1 51 3 view .LVU21
  96              	.LBB5:
  97              		.loc 1 51 3 view .LVU22
  98              		.loc 1 51 3 view .LVU23
  99 0048 DA6C     		ldr	r2, [r3, #76]
 100 004a 42F00202 		orr	r2, r2, #2
 101 004e DA64     		str	r2, [r3, #76]
 102              		.loc 1 51 3 view .LVU24
 103 0050 DA6C     		ldr	r2, [r3, #76]
 104 0052 02F00202 		and	r2, r2, #2
 105 0056 0392     		str	r2, [sp, #12]
 106              		.loc 1 51 3 view .LVU25
 107 0058 039A     		ldr	r2, [sp, #12]
 108              	.LBE5:
 109              		.loc 1 51 3 view .LVU26
  52:Core/Src/gpio.c ****   __HAL_RCC_GPIOD_CLK_ENABLE();
 110              		.loc 1 52 3 view .LVU27
 111              	.LBB6:
 112              		.loc 1 52 3 view .LVU28
 113              		.loc 1 52 3 view .LVU29
 114 005a DA6C     		ldr	r2, [r3, #76]
 115 005c 42F00802 		orr	r2, r2, #8
 116 0060 DA64     		str	r2, [r3, #76]
 117              		.loc 1 52 3 view .LVU30
 118 0062 DB6C     		ldr	r3, [r3, #76]
 119 0064 03F00803 		and	r3, r3, #8
 120 0068 0493     		str	r3, [sp, #16]
ARM GAS  C:\Users\AUSTIN~1\AppData\Local\Temp\ccwNvBUs.s 			page 4


 121              		.loc 1 52 3 view .LVU31
 122 006a 049B     		ldr	r3, [sp, #16]
 123              	.LBE6:
 124              		.loc 1 52 3 view .LVU32
  53:Core/Src/gpio.c **** 
  54:Core/Src/gpio.c ****   /*Configure GPIO pins : PC13 PC14 PC15 PC2
  55:Core/Src/gpio.c ****                            PC3 PC4 PC5 PC6
  56:Core/Src/gpio.c ****                            PC7 PC8 PC9 PC10
  57:Core/Src/gpio.c ****                            PC11 PC12 */
  58:Core/Src/gpio.c ****   GPIO_InitStruct.Pin = GPIO_PIN_13|GPIO_PIN_14|GPIO_PIN_15|GPIO_PIN_2
 125              		.loc 1 58 3 view .LVU33
 126              		.loc 1 58 23 is_stmt 0 view .LVU34
 127 006c 4FF6FC73 		movw	r3, #65532
 128 0070 0593     		str	r3, [sp, #20]
  59:Core/Src/gpio.c ****                           |GPIO_PIN_3|GPIO_PIN_4|GPIO_PIN_5|GPIO_PIN_6
  60:Core/Src/gpio.c ****                           |GPIO_PIN_7|GPIO_PIN_8|GPIO_PIN_9|GPIO_PIN_10
  61:Core/Src/gpio.c ****                           |GPIO_PIN_11|GPIO_PIN_12;
  62:Core/Src/gpio.c ****   GPIO_InitStruct.Mode = GPIO_MODE_INPUT;
 129              		.loc 1 62 3 is_stmt 1 view .LVU35
  63:Core/Src/gpio.c ****   GPIO_InitStruct.Pull = GPIO_NOPULL;
 130              		.loc 1 63 3 view .LVU36
  64:Core/Src/gpio.c ****   HAL_GPIO_Init(GPIOC, &GPIO_InitStruct);
 131              		.loc 1 64 3 view .LVU37
 132 0072 05A9     		add	r1, sp, #20
 133 0074 1448     		ldr	r0, .L3+4
 134 0076 FFF7FEFF 		bl	HAL_GPIO_Init
 135              	.LVL0:
  65:Core/Src/gpio.c **** 
  66:Core/Src/gpio.c ****   /*Configure GPIO pin : PH1 */
  67:Core/Src/gpio.c ****   GPIO_InitStruct.Pin = GPIO_PIN_1;
 136              		.loc 1 67 3 view .LVU38
 137              		.loc 1 67 23 is_stmt 0 view .LVU39
 138 007a 0223     		movs	r3, #2
 139 007c 0593     		str	r3, [sp, #20]
  68:Core/Src/gpio.c ****   GPIO_InitStruct.Mode = GPIO_MODE_INPUT;
 140              		.loc 1 68 3 is_stmt 1 view .LVU40
 141              		.loc 1 68 24 is_stmt 0 view .LVU41
 142 007e 0694     		str	r4, [sp, #24]
  69:Core/Src/gpio.c ****   GPIO_InitStruct.Pull = GPIO_NOPULL;
 143              		.loc 1 69 3 is_stmt 1 view .LVU42
 144              		.loc 1 69 24 is_stmt 0 view .LVU43
 145 0080 0794     		str	r4, [sp, #28]
  70:Core/Src/gpio.c ****   HAL_GPIO_Init(GPIOH, &GPIO_InitStruct);
 146              		.loc 1 70 3 is_stmt 1 view .LVU44
 147 0082 05A9     		add	r1, sp, #20
 148 0084 1148     		ldr	r0, .L3+8
 149 0086 FFF7FEFF 		bl	HAL_GPIO_Init
 150              	.LVL1:
  71:Core/Src/gpio.c **** 
  72:Core/Src/gpio.c ****   /*Configure GPIO pins : PA0 PA1 PA2 PA3
  73:Core/Src/gpio.c ****                            PA4 PA5 PA6 PA7
  74:Core/Src/gpio.c ****                            PA8 PA9 PA10 PA15 */
  75:Core/Src/gpio.c ****   GPIO_InitStruct.Pin = GPIO_PIN_0|GPIO_PIN_1|GPIO_PIN_2|GPIO_PIN_3
 151              		.loc 1 75 3 view .LVU45
 152              		.loc 1 75 23 is_stmt 0 view .LVU46
 153 008a 48F2FF73 		movw	r3, #34815
 154 008e 0593     		str	r3, [sp, #20]
ARM GAS  C:\Users\AUSTIN~1\AppData\Local\Temp\ccwNvBUs.s 			page 5


  76:Core/Src/gpio.c ****                           |GPIO_PIN_4|GPIO_PIN_5|GPIO_PIN_6|GPIO_PIN_7
  77:Core/Src/gpio.c ****                           |GPIO_PIN_8|GPIO_PIN_9|GPIO_PIN_10|GPIO_PIN_15;
  78:Core/Src/gpio.c ****   GPIO_InitStruct.Mode = GPIO_MODE_INPUT;
 155              		.loc 1 78 3 is_stmt 1 view .LVU47
 156              		.loc 1 78 24 is_stmt 0 view .LVU48
 157 0090 0694     		str	r4, [sp, #24]
  79:Core/Src/gpio.c ****   GPIO_InitStruct.Pull = GPIO_NOPULL;
 158              		.loc 1 79 3 is_stmt 1 view .LVU49
 159              		.loc 1 79 24 is_stmt 0 view .LVU50
 160 0092 0794     		str	r4, [sp, #28]
  80:Core/Src/gpio.c ****   HAL_GPIO_Init(GPIOA, &GPIO_InitStruct);
 161              		.loc 1 80 3 is_stmt 1 view .LVU51
 162 0094 05A9     		add	r1, sp, #20
 163 0096 4FF09040 		mov	r0, #1207959552
 164 009a FFF7FEFF 		bl	HAL_GPIO_Init
 165              	.LVL2:
  81:Core/Src/gpio.c **** 
  82:Core/Src/gpio.c ****   /*Configure GPIO pins : PB0 PB1 PB2 PB10
  83:Core/Src/gpio.c ****                            PB11 PB12 PB13 PB14
  84:Core/Src/gpio.c ****                            PB15 PB3 PB4 PB5
  85:Core/Src/gpio.c ****                            PB6 PB7 PB8 PB9 */
  86:Core/Src/gpio.c ****   GPIO_InitStruct.Pin = GPIO_PIN_0|GPIO_PIN_1|GPIO_PIN_2|GPIO_PIN_10
 166              		.loc 1 86 3 view .LVU52
 167              		.loc 1 86 23 is_stmt 0 view .LVU53
 168 009e 4FF6FF73 		movw	r3, #65535
 169 00a2 0593     		str	r3, [sp, #20]
  87:Core/Src/gpio.c ****                           |GPIO_PIN_11|GPIO_PIN_12|GPIO_PIN_13|GPIO_PIN_14
  88:Core/Src/gpio.c ****                           |GPIO_PIN_15|GPIO_PIN_3|GPIO_PIN_4|GPIO_PIN_5
  89:Core/Src/gpio.c ****                           |GPIO_PIN_6|GPIO_PIN_7|GPIO_PIN_8|GPIO_PIN_9;
  90:Core/Src/gpio.c ****   GPIO_InitStruct.Mode = GPIO_MODE_INPUT;
 170              		.loc 1 90 3 is_stmt 1 view .LVU54
 171              		.loc 1 90 24 is_stmt 0 view .LVU55
 172 00a4 0694     		str	r4, [sp, #24]
  91:Core/Src/gpio.c ****   GPIO_InitStruct.Pull = GPIO_NOPULL;
 173              		.loc 1 91 3 is_stmt 1 view .LVU56
 174              		.loc 1 91 24 is_stmt 0 view .LVU57
 175 00a6 0794     		str	r4, [sp, #28]
  92:Core/Src/gpio.c ****   HAL_GPIO_Init(GPIOB, &GPIO_InitStruct);
 176              		.loc 1 92 3 is_stmt 1 view .LVU58
 177 00a8 05A9     		add	r1, sp, #20
 178 00aa 0948     		ldr	r0, .L3+12
 179 00ac FFF7FEFF 		bl	HAL_GPIO_Init
 180              	.LVL3:
  93:Core/Src/gpio.c **** 
  94:Core/Src/gpio.c ****   /*Configure GPIO pin : PD2 */
  95:Core/Src/gpio.c ****   GPIO_InitStruct.Pin = GPIO_PIN_2;
 181              		.loc 1 95 3 view .LVU59
 182              		.loc 1 95 23 is_stmt 0 view .LVU60
 183 00b0 0423     		movs	r3, #4
 184 00b2 0593     		str	r3, [sp, #20]
  96:Core/Src/gpio.c ****   GPIO_InitStruct.Mode = GPIO_MODE_INPUT;
 185              		.loc 1 96 3 is_stmt 1 view .LVU61
 186              		.loc 1 96 24 is_stmt 0 view .LVU62
 187 00b4 0694     		str	r4, [sp, #24]
  97:Core/Src/gpio.c ****   GPIO_InitStruct.Pull = GPIO_NOPULL;
 188              		.loc 1 97 3 is_stmt 1 view .LVU63
 189              		.loc 1 97 24 is_stmt 0 view .LVU64
ARM GAS  C:\Users\AUSTIN~1\AppData\Local\Temp\ccwNvBUs.s 			page 6


 190 00b6 0794     		str	r4, [sp, #28]
  98:Core/Src/gpio.c ****   HAL_GPIO_Init(GPIOD, &GPIO_InitStruct);
 191              		.loc 1 98 3 is_stmt 1 view .LVU65
 192 00b8 05A9     		add	r1, sp, #20
 193 00ba 0648     		ldr	r0, .L3+16
 194 00bc FFF7FEFF 		bl	HAL_GPIO_Init
 195              	.LVL4:
  99:Core/Src/gpio.c **** 
 100:Core/Src/gpio.c **** }
 196              		.loc 1 100 1 is_stmt 0 view .LVU66
 197 00c0 0AB0     		add	sp, sp, #40
 198              	.LCFI2:
 199              		.cfi_def_cfa_offset 8
 200              		@ sp needed
 201 00c2 10BD     		pop	{r4, pc}
 202              	.L4:
 203              		.align	2
 204              	.L3:
 205 00c4 00100240 		.word	1073876992
 206 00c8 00080048 		.word	1207961600
 207 00cc 001C0048 		.word	1207966720
 208 00d0 00040048 		.word	1207960576
 209 00d4 000C0048 		.word	1207962624
 210              		.cfi_endproc
 211              	.LFE132:
 213              		.text
 214              	.Letext0:
 215              		.file 2 "c:\\program files (x86)\\gnu arm embedded toolchain\\10 2021.10\\arm-none-eabi\\include\\
 216              		.file 3 "c:\\program files (x86)\\gnu arm embedded toolchain\\10 2021.10\\arm-none-eabi\\include\\
 217              		.file 4 "Drivers/CMSIS/Device/ST/STM32L4xx/Include/stm32l476xx.h"
 218              		.file 5 "Drivers/STM32L4xx_HAL_Driver/Inc/stm32l4xx_hal_gpio.h"
ARM GAS  C:\Users\AUSTIN~1\AppData\Local\Temp\ccwNvBUs.s 			page 7


DEFINED SYMBOLS
                            *ABS*:00000000 gpio.c
C:\Users\AUSTIN~1\AppData\Local\Temp\ccwNvBUs.s:20     .text.MX_GPIO_Init:00000000 $t
C:\Users\AUSTIN~1\AppData\Local\Temp\ccwNvBUs.s:26     .text.MX_GPIO_Init:00000000 MX_GPIO_Init
C:\Users\AUSTIN~1\AppData\Local\Temp\ccwNvBUs.s:205    .text.MX_GPIO_Init:000000c4 $d

UNDEFINED SYMBOLS
HAL_GPIO_Init
